c:\users\bureau\desktop\automne 2016\8inf840 - structures de données avancées et leurs algorithmes\projetskiplist\projetskiplist\x64\debug\vc140.pdb
c:\users\bureau\desktop\automne 2016\8inf840 - structures de données avancées et leurs algorithmes\projetskiplist\projetskiplist\x64\debug\vc140.idb
c:\users\bureau\desktop\automne 2016\8inf840 - structures de données avancées et leurs algorithmes\projetskiplist\projetskiplist\x64\debug\city.obj
c:\users\bureau\desktop\automne 2016\8inf840 - structures de données avancées et leurs algorithmes\projetskiplist\projetskiplist\x64\debug\main.obj
c:\users\bureau\desktop\automne 2016\8inf840 - structures de données avancées et leurs algorithmes\projetskiplist\projetskiplist\x64\debug\buslineparser.obj
c:\users\bureau\desktop\automne 2016\8inf840 - structures de données avancées et leurs algorithmes\projetskiplist\projetskiplist\x64\debug\skiplist.obj
c:\users\bureau\desktop\automne 2016\8inf840 - structures de données avancées et leurs algorithmes\projetskiplist\projetskiplist\x64\debug\skiplistentry.obj
c:\users\bureau\desktop\automne 2016\8inf840 - structures de données avancées et leurs algorithmes\projetskiplist\projetskiplist\x64\debug\randomheight.obj
c:\users\bureau\desktop\automne 2016\8inf840 - structures de données avancées et leurs algorithmes\projetskiplist\projetskiplist\x64\debug\station.obj
c:\users\bureau\desktop\automne 2016\8inf840 - structures de données avancées et leurs algorithmes\projetskiplist\x64\debug\projetskiplist.pdb
c:\users\bureau\desktop\automne 2016\8inf840 - structures de données avancées et leurs algorithmes\projetskiplist\projetskiplist\x64\debug\projetskiplist.tlog\cl.command.1.tlog
c:\users\bureau\desktop\automne 2016\8inf840 - structures de données avancées et leurs algorithmes\projetskiplist\projetskiplist\x64\debug\projetskiplist.tlog\cl.read.1.tlog
c:\users\bureau\desktop\automne 2016\8inf840 - structures de données avancées et leurs algorithmes\projetskiplist\projetskiplist\x64\debug\projetskiplist.tlog\cl.write.1.tlog
c:\users\bureau\desktop\automne 2016\8inf840 - structures de données avancées et leurs algorithmes\projetskiplist\projetskiplist\x64\debug\projetskiplist.tlog\link-cvtres.read.1.tlog
c:\users\bureau\desktop\automne 2016\8inf840 - structures de données avancées et leurs algorithmes\projetskiplist\projetskiplist\x64\debug\projetskiplist.tlog\link-cvtres.write.1.tlog
c:\users\bureau\desktop\automne 2016\8inf840 - structures de données avancées et leurs algorithmes\projetskiplist\projetskiplist\x64\debug\projetskiplist.tlog\link-rc.read.1.tlog
c:\users\bureau\desktop\automne 2016\8inf840 - structures de données avancées et leurs algorithmes\projetskiplist\projetskiplist\x64\debug\projetskiplist.tlog\link-rc.write.1.tlog
c:\users\bureau\desktop\automne 2016\8inf840 - structures de données avancées et leurs algorithmes\projetskiplist\projetskiplist\x64\debug\projetskiplist.tlog\link.command.1.tlog
c:\users\bureau\desktop\automne 2016\8inf840 - structures de données avancées et leurs algorithmes\projetskiplist\projetskiplist\x64\debug\projetskiplist.tlog\link.read.1.tlog
c:\users\bureau\desktop\automne 2016\8inf840 - structures de données avancées et leurs algorithmes\projetskiplist\projetskiplist\x64\debug\projetskiplist.tlog\link.write.1.tlog
