Build started 08/12/2016 15:19:59.
     1>Project "C:\Users\Porc\Desktop\UQAC\Structure données 8INF840\TPs\ProjetSkipList\ProjetSkipList\ProjetSkipList.vcxproj" on node 2 (Build target(s)).
     1>ClCompile:
         C:\Program Files (x86)\Microsoft Visual Studio 14.0\VC\bin\x86_amd64\CL.exe /c /ZI /nologo /W3 /WX- /Od /D _DEBUG /D _CONSOLE /D _UNICODE /D UNICODE /Gm /EHsc /RTC1 /MDd /GS /fp:precise /Zc:wchar_t /Zc:forScope /Zc:inline /Fo"x64\Debug\\" /Fd"x64\Debug\vc140.pdb" /Gd /TP /errorReport:prompt Line.cpp main.cpp Path.cpp Station.cpp TrainLineParser.cpp
         TrainLineParser.cpp
         Station.cpp
         Path.cpp
         main.cpp
         Line.cpp
     1>c:\users\porc\desktop\uqac\structure données 8inf840\tps\projetskiplist\projetskiplist\line.cpp(88): warning C4267: 'argument': conversion from 'size_t' to 'int', possible loss of data
         Generating Code...
       Link:
         C:\Program Files (x86)\Microsoft Visual Studio 14.0\VC\bin\x86_amd64\link.exe /ERRORREPORT:PROMPT /OUT:"C:\Users\Porc\Desktop\UQAC\Structure données 8INF840\TPs\ProjetSkipList\x64\Debug\ProjetSkipList.exe" /INCREMENTAL /NOLOGO kernel32.lib user32.lib gdi32.lib winspool.lib comdlg32.lib advapi32.lib shell32.lib ole32.lib oleaut32.lib uuid.lib odbc32.lib odbccp32.lib /MANIFEST /MANIFESTUAC:"level='asInvoker' uiAccess='false'" /manifest:embed /Debug /PDB:"C:\Users\Porc\Desktop\UQAC\Structure données 8INF840\TPs\ProjetSkipList\x64\Debug\ProjetSkipList.pdb" /SUBSYSTEM:CONSOLE /TLBID:1 /DYNAMICBASE /NXCOMPAT /IMPLIB:"C:\Users\Porc\Desktop\UQAC\Structure données 8INF840\TPs\ProjetSkipList\x64\Debug\ProjetSkipList.lib" /MACHINE:X64 x64\Debug\Line.obj
         x64\Debug\main.obj
         x64\Debug\Path.obj
         x64\Debug\Station.obj
         x64\Debug\TrainLineParser.obj
         ProjetSkipList.vcxproj -> C:\Users\Porc\Desktop\UQAC\Structure données 8INF840\TPs\ProjetSkipList\x64\Debug\ProjetSkipList.exe
     1>Done Building Project "C:\Users\Porc\Desktop\UQAC\Structure données 8INF840\TPs\ProjetSkipList\ProjetSkipList\ProjetSkipList.vcxproj" (Build target(s)).

Build succeeded.

Time Elapsed 00:00:02.37
